ERROR StackTrace - Full Stack Trace:
java.lang.reflect.InvocationTargetException: null
	at sun.reflect.NativeMethodAccessorImpl.invoke0(Native Method)
	at sun.reflect.NativeMethodAccessorImpl.invoke(NativeMethodAccessorImpl.java:62)
	at sun.reflect.DelegatingMethodAccessorImpl.invoke(DelegatingMethodAccessorImpl.java:43)
	at java.lang.reflect.Method.invoke(Method.java:498)
	at org.springsource.loaded.ri.ReloadedTypeInvoker$2.invoke(ReloadedTypeInvoker.java:133)
	at org.springsource.loaded.ri.ReflectiveInterceptor.jlrMethodInvoke(ReflectiveInterceptor.java:1461)
	at org.grails.core.DefaultGrailsControllerClass$ReflectionInvoker.invoke(DefaultGrailsControllerClass.java:210)
	at org.grails.core.DefaultGrailsControllerClass.invoke(DefaultGrailsControllerClass.java:187)
	at org.grails.web.mapping.mvc.UrlMappingsInfoHandlerAdapter.handle(UrlMappingsInfoHandlerAdapter.groovy:89)
	at org.springframework.web.servlet.DispatcherServlet.doDispatch(DispatcherServlet.java:961)
	at org.springframework.web.servlet.DispatcherServlet.doService(DispatcherServlet.java:895)
	at org.springframework.web.servlet.FrameworkServlet.processRequest(FrameworkServlet.java:967)
	at org.springframework.web.servlet.FrameworkServlet.doPost(FrameworkServlet.java:869)
	at javax.servlet.http.HttpServlet.service(HttpServlet.java:648)
	at org.springframework.web.servlet.FrameworkServlet.service(FrameworkServlet.java:843)
	at javax.servlet.http.HttpServlet.service(HttpServlet.java:729)
	at org.apache.catalina.core.ApplicationFilterChain.internalDoFilter(ApplicationFilterChain.java:292)
	at org.apache.catalina.core.ApplicationFilterChain.doFilter(ApplicationFilterChain.java:207)
	at org.apache.tomcat.websocket.server.WsFilter.doFilter(WsFilter.java:52)
	at org.apache.catalina.core.ApplicationFilterChain.internalDoFilter(ApplicationFilterChain.java:240)
	at org.apache.catalina.core.ApplicationFilterChain.doFilter(ApplicationFilterChain.java:207)
	at org.springframework.boot.actuate.autoconfigure.EndpointWebMvcAutoConfiguration$ApplicationContextHeaderFilter.doFilterInternal(EndpointWebMvcAutoConfiguration.java:261)
	at org.springframework.web.filter.OncePerRequestFilter.doFilter(OncePerRequestFilter.java:107)
	at org.apache.catalina.core.ApplicationFilterChain.internalDoFilter(ApplicationFilterChain.java:240)
	at org.apache.catalina.core.ApplicationFilterChain.doFilter(ApplicationFilterChain.java:207)
	at org.springframework.boot.actuate.trace.WebRequestTraceFilter.doFilterInternal(WebRequestTraceFilter.java:115)
	at org.springframework.web.filter.OncePerRequestFilter.doFilter(OncePerRequestFilter.java:107)
	at org.apache.catalina.core.ApplicationFilterChain.internalDoFilter(ApplicationFilterChain.java:240)
	at org.apache.catalina.core.ApplicationFilterChain.doFilter(ApplicationFilterChain.java:207)
	at org.grails.web.servlet.mvc.GrailsWebRequestFilter.doFilterInternal(GrailsWebRequestFilter.java:75)
	at org.springframework.web.filter.OncePerRequestFilter.doFilter(OncePerRequestFilter.java:107)
	at org.apache.catalina.core.ApplicationFilterChain.internalDoFilter(ApplicationFilterChain.java:240)
	at org.apache.catalina.core.ApplicationFilterChain.doFilter(ApplicationFilterChain.java:207)
	at org.grails.web.filters.HiddenHttpMethodFilter.doFilterInternal(HiddenHttpMethodFilter.java:67)
	at org.springframework.web.filter.OncePerRequestFilter.doFilter(OncePerRequestFilter.java:107)
	at org.apache.catalina.core.ApplicationFilterChain.internalDoFilter(ApplicationFilterChain.java:240)
	at org.apache.catalina.core.ApplicationFilterChain.doFilter(ApplicationFilterChain.java:207)
	at org.springframework.web.filter.CharacterEncodingFilter.doFilterInternal(CharacterEncodingFilter.java:121)
	at org.springframework.web.filter.OncePerRequestFilter.doFilter(OncePerRequestFilter.java:107)
	at org.apache.catalina.core.ApplicationFilterChain.internalDoFilter(ApplicationFilterChain.java:240)
	at org.apache.catalina.core.ApplicationFilterChain.doFilter(ApplicationFilterChain.java:207)
	at org.springframework.boot.actuate.autoconfigure.MetricsFilter.doFilterInternal(MetricsFilter.java:103)
	at org.springframework.web.filter.OncePerRequestFilter.doFilter(OncePerRequestFilter.java:107)
	at org.apache.catalina.core.ApplicationFilterChain.internalDoFilter(ApplicationFilterChain.java:240)
	at org.apache.catalina.core.ApplicationFilterChain.doFilter(ApplicationFilterChain.java:207)
	at org.apache.catalina.core.StandardWrapperValve.invoke(StandardWrapperValve.java:212)
	at org.apache.catalina.core.StandardContextValve.invoke(StandardContextValve.java:106)
	at org.apache.catalina.authenticator.AuthenticatorBase.invoke(AuthenticatorBase.java:502)
	at org.apache.catalina.core.StandardHostValve.invoke(StandardHostValve.java:141)
	at org.apache.catalina.valves.ErrorReportValve.invoke(ErrorReportValve.java:79)
	at org.apache.catalina.core.StandardEngineValve.invoke(StandardEngineValve.java:88)
	at org.apache.catalina.connector.CoyoteAdapter.service(CoyoteAdapter.java:522)
	at org.apache.coyote.http11.AbstractHttp11Processor.process(AbstractHttp11Processor.java:1095)
	at org.apache.coyote.AbstractProtocol$AbstractConnectionHandler.process(AbstractProtocol.java:672)
	at org.apache.tomcat.util.net.NioEndpoint$SocketProcessor.doRun(NioEndpoint.java:1502)
	at org.apache.tomcat.util.net.NioEndpoint$SocketProcessor.run(NioEndpoint.java:1458)
	at java.util.concurrent.ThreadPoolExecutor.runWorker(ThreadPoolExecutor.java:1142)
	at java.util.concurrent.ThreadPoolExecutor$Worker.run(ThreadPoolExecutor.java:617)
	at org.apache.tomcat.util.threads.TaskThread$WrappingRunnable.run(TaskThread.java:61)
	at java.lang.Thread.run(Thread.java:745)
Caused by: groovy.lang.MissingMethodException: No signature of method: org.grails.web.servlet.GrailsFlashScope.error() is applicable for argument types: (java.lang.String) values: [grails.validation.ValidationErrors: 2 errors
Field error in object 'com.SampleVO' on field 'sport': rejected value [null]; codes [com.SampleVO.sport.nullable.error.com.SampleVO.sport,com.SampleVO.sport.nullable.error.sport,com.SampleVO.sport.nullable.error.java.lang.String,com.SampleVO.sport.nullable.error,sampleVO.sport.nullable.error.com.SampleVO.sport,sampleVO.sport.nullable.error.sport,sampleVO.sport.nullable.error.java.lang.String,sampleVO.sport.nullable.error,com.SampleVO.sport.nullable.com.SampleVO.sport,com.SampleVO.sport.nullable.sport,com.SampleVO.sport.nullable.java.lang.String,com.SampleVO.sport.nullable,sampleVO.sport.nullable.com.SampleVO.sport,sampleVO.sport.nullable.sport,sampleVO.sport.nullable.java.lang.String,sampleVO.sport.nullable,nullable.com.SampleVO.sport,nullable.sport,nullable.java.lang.String,nullable]; arguments [sport,class com.SampleVO]; default message [Property [{0}] of class [{1}] cannot be null]
Field error in object 'com.SampleVO' on field 'age': rejected value [null]; codes [com.SampleVO.age.nullable.error.com.SampleVO.age,com.SampleVO.age.nullable.error.age,com.SampleVO.age.nullable.error.java.lang.Integer,com.SampleVO.age.nullable.error,sampleVO.age.nullable.error.com.SampleVO.age,sampleVO.age.nullable.error.age,sampleVO.age.nullable.error.java.lang.Integer,sampleVO.age.nullable.error,com.SampleVO.age.nullable.com.SampleVO.age,com.SampleVO.age.nullable.age,com.SampleVO.age.nullable.java.lang.Integer,com.SampleVO.age.nullable,sampleVO.age.nullable.com.SampleVO.age,sampleVO.age.nullable.age,sampleVO.age.nullable.java.lang.Integer,sampleVO.age.nullable,nullable.com.SampleVO.age,nullable.age,nullable.java.lang.Integer,nullable]; arguments [age,class com.SampleVO]; default message [Property [{0}] of class [{1}] cannot be null]]
Possible solutions: sort(), drop(int), clear(), getNow(), iterator(), every()
	at org.codehaus.groovy.runtime.ScriptBytecodeAdapter.unwrap(ScriptBytecodeAdapter.java:58)
	at org.codehaus.groovy.runtime.callsite.PojoMetaClassSite.call(PojoMetaClassSite.java:49)
	at org.codehaus.groovy.runtime.callsite.CallSiteArray.defaultCall(CallSiteArray.java:48)
	at org.codehaus.groovy.runtime.callsite.AbstractCallSite.call(AbstractCallSite.java:113)
	at org.codehaus.groovy.runtime.callsite.AbstractCallSite.call(AbstractCallSite.java:125)
	at issueexample.FrameworkController$$EPsunXtj.submit(FrameworkController.groovy:21)
	at issueexample.FrameworkController$$DPsunXtj.submit(Unknown Source)
	at issueexample.FrameworkController.submit(FrameworkController.groovy)
	at issueexample.FrameworkController$$EPsunXtj.submit(FrameworkController.groovy)
	... 60 common frames omitted
ERROR StackTrace - Full Stack Trace:
groovy.lang.MissingMethodException: No signature of method: org.grails.web.servlet.GrailsFlashScope.error() is applicable for argument types: (java.lang.String) values: [grails.validation.ValidationErrors: 2 errors
Field error in object 'com.SampleVO' on field 'sport': rejected value [null]; codes [com.SampleVO.sport.nullable.error.com.SampleVO.sport,com.SampleVO.sport.nullable.error.sport,com.SampleVO.sport.nullable.error.java.lang.String,com.SampleVO.sport.nullable.error,sampleVO.sport.nullable.error.com.SampleVO.sport,sampleVO.sport.nullable.error.sport,sampleVO.sport.nullable.error.java.lang.String,sampleVO.sport.nullable.error,com.SampleVO.sport.nullable.com.SampleVO.sport,com.SampleVO.sport.nullable.sport,com.SampleVO.sport.nullable.java.lang.String,com.SampleVO.sport.nullable,sampleVO.sport.nullable.com.SampleVO.sport,sampleVO.sport.nullable.sport,sampleVO.sport.nullable.java.lang.String,sampleVO.sport.nullable,nullable.com.SampleVO.sport,nullable.sport,nullable.java.lang.String,nullable]; arguments [sport,class com.SampleVO]; default message [Property [{0}] of class [{1}] cannot be null]
Field error in object 'com.SampleVO' on field 'age': rejected value [null]; codes [com.SampleVO.age.nullable.error.com.SampleVO.age,com.SampleVO.age.nullable.error.age,com.SampleVO.age.nullable.error.java.lang.Integer,com.SampleVO.age.nullable.error,sampleVO.age.nullable.error.com.SampleVO.age,sampleVO.age.nullable.error.age,sampleVO.age.nullable.error.java.lang.Integer,sampleVO.age.nullable.error,com.SampleVO.age.nullable.com.SampleVO.age,com.SampleVO.age.nullable.age,com.SampleVO.age.nullable.java.lang.Integer,com.SampleVO.age.nullable,sampleVO.age.nullable.com.SampleVO.age,sampleVO.age.nullable.age,sampleVO.age.nullable.java.lang.Integer,sampleVO.age.nullable,nullable.com.SampleVO.age,nullable.age,nullable.java.lang.Integer,nullable]; arguments [age,class com.SampleVO]; default message [Property [{0}] of class [{1}] cannot be null]]
Possible solutions: sort(), drop(int), clear(), getNow(), iterator(), every()
	at org.codehaus.groovy.runtime.ScriptBytecodeAdapter.unwrap(ScriptBytecodeAdapter.java:58)
	at org.codehaus.groovy.runtime.callsite.PojoMetaClassSite.call(PojoMetaClassSite.java:49)
	at org.codehaus.groovy.runtime.callsite.CallSiteArray.defaultCall(CallSiteArray.java:48)
	at org.codehaus.groovy.runtime.callsite.AbstractCallSite.call(AbstractCallSite.java:113)
	at org.codehaus.groovy.runtime.callsite.AbstractCallSite.call(AbstractCallSite.java:125)
	at issueexample.FrameworkController$$EPsunXtj.submit(FrameworkController.groovy:21)
	at issueexample.FrameworkController$$DPsunXtj.submit(Unknown Source)
	at issueexample.FrameworkController.submit(FrameworkController.groovy)
	at issueexample.FrameworkController$$EPsunXtj.submit(FrameworkController.groovy)
	at sun.reflect.NativeMethodAccessorImpl.invoke0(Native Method)
	at sun.reflect.NativeMethodAccessorImpl.invoke(NativeMethodAccessorImpl.java:62)
	at sun.reflect.DelegatingMethodAccessorImpl.invoke(DelegatingMethodAccessorImpl.java:43)
	at java.lang.reflect.Method.invoke(Method.java:498)
	at org.springsource.loaded.ri.ReloadedTypeInvoker$2.invoke(ReloadedTypeInvoker.java:133)
	at org.springsource.loaded.ri.ReflectiveInterceptor.jlrMethodInvoke(ReflectiveInterceptor.java:1461)
	at org.grails.core.DefaultGrailsControllerClass$ReflectionInvoker.invoke(DefaultGrailsControllerClass.java:210)
	at org.grails.core.DefaultGrailsControllerClass.invoke(DefaultGrailsControllerClass.java:187)
	at org.grails.web.mapping.mvc.UrlMappingsInfoHandlerAdapter.handle(UrlMappingsInfoHandlerAdapter.groovy:89)
	at org.springframework.web.servlet.DispatcherServlet.doDispatch(DispatcherServlet.java:961)
	at org.springframework.web.servlet.DispatcherServlet.doService(DispatcherServlet.java:895)
	at org.springframework.web.servlet.FrameworkServlet.processRequest(FrameworkServlet.java:967)
	at org.springframework.web.servlet.FrameworkServlet.doPost(FrameworkServlet.java:869)
	at javax.servlet.http.HttpServlet.service(HttpServlet.java:648)
	at org.springframework.web.servlet.FrameworkServlet.service(FrameworkServlet.java:843)
	at javax.servlet.http.HttpServlet.service(HttpServlet.java:729)
	at org.apache.catalina.core.ApplicationFilterChain.internalDoFilter(ApplicationFilterChain.java:292)
	at org.apache.catalina.core.ApplicationFilterChain.doFilter(ApplicationFilterChain.java:207)
	at org.apache.tomcat.websocket.server.WsFilter.doFilter(WsFilter.java:52)
	at org.apache.catalina.core.ApplicationFilterChain.internalDoFilter(ApplicationFilterChain.java:240)
	at org.apache.catalina.core.ApplicationFilterChain.doFilter(ApplicationFilterChain.java:207)
	at org.springframework.boot.actuate.autoconfigure.EndpointWebMvcAutoConfiguration$ApplicationContextHeaderFilter.doFilterInternal(EndpointWebMvcAutoConfiguration.java:261)
	at org.springframework.web.filter.OncePerRequestFilter.doFilter(OncePerRequestFilter.java:107)
	at org.apache.catalina.core.ApplicationFilterChain.internalDoFilter(ApplicationFilterChain.java:240)
	at org.apache.catalina.core.ApplicationFilterChain.doFilter(ApplicationFilterChain.java:207)
	at org.springframework.boot.actuate.trace.WebRequestTraceFilter.doFilterInternal(WebRequestTraceFilter.java:115)
	at org.springframework.web.filter.OncePerRequestFilter.doFilter(OncePerRequestFilter.java:107)
	at org.apache.catalina.core.ApplicationFilterChain.internalDoFilter(ApplicationFilterChain.java:240)
	at org.apache.catalina.core.ApplicationFilterChain.doFilter(ApplicationFilterChain.java:207)
	at org.grails.web.servlet.mvc.GrailsWebRequestFilter.doFilterInternal(GrailsWebRequestFilter.java:75)
	at org.springframework.web.filter.OncePerRequestFilter.doFilter(OncePerRequestFilter.java:107)
	at org.apache.catalina.core.ApplicationFilterChain.internalDoFilter(ApplicationFilterChain.java:240)
	at org.apache.catalina.core.ApplicationFilterChain.doFilter(ApplicationFilterChain.java:207)
	at org.grails.web.filters.HiddenHttpMethodFilter.doFilterInternal(HiddenHttpMethodFilter.java:67)
	at org.springframework.web.filter.OncePerRequestFilter.doFilter(OncePerRequestFilter.java:107)
	at org.apache.catalina.core.ApplicationFilterChain.internalDoFilter(ApplicationFilterChain.java:240)
	at org.apache.catalina.core.ApplicationFilterChain.doFilter(ApplicationFilterChain.java:207)
	at org.springframework.web.filter.CharacterEncodingFilter.doFilterInternal(CharacterEncodingFilter.java:121)
	at org.springframework.web.filter.OncePerRequestFilter.doFilter(OncePerRequestFilter.java:107)
	at org.apache.catalina.core.ApplicationFilterChain.internalDoFilter(ApplicationFilterChain.java:240)
	at org.apache.catalina.core.ApplicationFilterChain.doFilter(ApplicationFilterChain.java:207)
	at org.springframework.boot.actuate.autoconfigure.MetricsFilter.doFilterInternal(MetricsFilter.java:103)
	at org.springframework.web.filter.OncePerRequestFilter.doFilter(OncePerRequestFilter.java:107)
	at org.apache.catalina.core.ApplicationFilterChain.internalDoFilter(ApplicationFilterChain.java:240)
	at org.apache.catalina.core.ApplicationFilterChain.doFilter(ApplicationFilterChain.java:207)
	at org.apache.catalina.core.StandardWrapperValve.invoke(StandardWrapperValve.java:212)
	at org.apache.catalina.core.StandardContextValve.invoke(StandardContextValve.java:106)
	at org.apache.catalina.authenticator.AuthenticatorBase.invoke(AuthenticatorBase.java:502)
	at org.apache.catalina.core.StandardHostValve.invoke(StandardHostValve.java:141)
	at org.apache.catalina.valves.ErrorReportValve.invoke(ErrorReportValve.java:79)
	at org.apache.catalina.core.StandardEngineValve.invoke(StandardEngineValve.java:88)
	at org.apache.catalina.connector.CoyoteAdapter.service(CoyoteAdapter.java:522)
	at org.apache.coyote.http11.AbstractHttp11Processor.process(AbstractHttp11Processor.java:1095)
	at org.apache.coyote.AbstractProtocol$AbstractConnectionHandler.process(AbstractProtocol.java:672)
	at org.apache.tomcat.util.net.NioEndpoint$SocketProcessor.doRun(NioEndpoint.java:1502)
	at org.apache.tomcat.util.net.NioEndpoint$SocketProcessor.run(NioEndpoint.java:1458)
	at java.util.concurrent.ThreadPoolExecutor.runWorker(ThreadPoolExecutor.java:1142)
	at java.util.concurrent.ThreadPoolExecutor$Worker.run(ThreadPoolExecutor.java:617)
	at org.apache.tomcat.util.threads.TaskThread$WrappingRunnable.run(TaskThread.java:61)
	at java.lang.Thread.run(Thread.java:745)
ERROR StackTrace - Full Stack Trace:
java.lang.reflect.InvocationTargetException: null
	at java.util.concurrent.ThreadPoolExecutor.runWorker(ThreadPoolExecutor.java:1142)
	at java.util.concurrent.ThreadPoolExecutor$Worker.run(ThreadPoolExecutor.java:617)
	at java.lang.Thread.run(Thread.java:745)
Caused by: groovy.lang.MissingMethodException: No signature of method: org.grails.web.servlet.GrailsFlashScope.error() is applicable for argument types: (java.lang.String) values: [grails.validation.ValidationErrors: 2 errors
Field error in object 'com.SampleVO' on field 'sport': rejected value [null]; codes [com.SampleVO.sport.nullable.error.com.SampleVO.sport,com.SampleVO.sport.nullable.error.sport,com.SampleVO.sport.nullable.error.java.lang.String,com.SampleVO.sport.nullable.error,sampleVO.sport.nullable.error.com.SampleVO.sport,sampleVO.sport.nullable.error.sport,sampleVO.sport.nullable.error.java.lang.String,sampleVO.sport.nullable.error,com.SampleVO.sport.nullable.com.SampleVO.sport,com.SampleVO.sport.nullable.sport,com.SampleVO.sport.nullable.java.lang.String,com.SampleVO.sport.nullable,sampleVO.sport.nullable.com.SampleVO.sport,sampleVO.sport.nullable.sport,sampleVO.sport.nullable.java.lang.String,sampleVO.sport.nullable,nullable.com.SampleVO.sport,nullable.sport,nullable.java.lang.String,nullable]; arguments [sport,class com.SampleVO]; default message [Property [{0}] of class [{1}] cannot be null]
Field error in object 'com.SampleVO' on field 'age': rejected value [null]; codes [com.SampleVO.age.nullable.error.com.SampleVO.age,com.SampleVO.age.nullable.error.age,com.SampleVO.age.nullable.error.java.lang.Integer,com.SampleVO.age.nullable.error,sampleVO.age.nullable.error.com.SampleVO.age,sampleVO.age.nullable.error.age,sampleVO.age.nullable.error.java.lang.Integer,sampleVO.age.nullable.error,com.SampleVO.age.nullable.com.SampleVO.age,com.SampleVO.age.nullable.age,com.SampleVO.age.nullable.java.lang.Integer,com.SampleVO.age.nullable,sampleVO.age.nullable.com.SampleVO.age,sampleVO.age.nullable.age,sampleVO.age.nullable.java.lang.Integer,sampleVO.age.nullable,nullable.com.SampleVO.age,nullable.age,nullable.java.lang.Integer,nullable]; arguments [age,class com.SampleVO]; default message [Property [{0}] of class [{1}] cannot be null]]
Possible solutions: sort(), drop(int), clear(), getNow(), iterator(), every()
	at issueexample.FrameworkController$$EPsunXtj.submit(FrameworkController.groovy:21)
	... 3 common frames omitted
ERROR StackTrace - Full Stack Trace:
java.lang.reflect.InvocationTargetException: null
	at sun.reflect.NativeMethodAccessorImpl.invoke0(Native Method)
	at sun.reflect.NativeMethodAccessorImpl.invoke(NativeMethodAccessorImpl.java:62)
	at sun.reflect.DelegatingMethodAccessorImpl.invoke(DelegatingMethodAccessorImpl.java:43)
	at java.lang.reflect.Method.invoke(Method.java:498)
	at org.springsource.loaded.ri.ReloadedTypeInvoker$2.invoke(ReloadedTypeInvoker.java:133)
	at org.springsource.loaded.ri.ReflectiveInterceptor.jlrMethodInvoke(ReflectiveInterceptor.java:1461)
	at org.grails.core.DefaultGrailsControllerClass$ReflectionInvoker.invoke(DefaultGrailsControllerClass.java:210)
	at org.grails.core.DefaultGrailsControllerClass.invoke(DefaultGrailsControllerClass.java:187)
	at org.grails.web.mapping.mvc.UrlMappingsInfoHandlerAdapter.handle(UrlMappingsInfoHandlerAdapter.groovy:89)
	at org.springframework.web.servlet.DispatcherServlet.doDispatch(DispatcherServlet.java:961)
	at org.springframework.web.servlet.DispatcherServlet.doService(DispatcherServlet.java:895)
	at org.springframework.web.servlet.FrameworkServlet.processRequest(FrameworkServlet.java:967)
	at org.springframework.web.servlet.FrameworkServlet.doPost(FrameworkServlet.java:869)
	at javax.servlet.http.HttpServlet.service(HttpServlet.java:648)
	at org.springframework.web.servlet.FrameworkServlet.service(FrameworkServlet.java:843)
	at javax.servlet.http.HttpServlet.service(HttpServlet.java:729)
	at org.apache.catalina.core.ApplicationFilterChain.internalDoFilter(ApplicationFilterChain.java:292)
	at org.apache.catalina.core.ApplicationFilterChain.doFilter(ApplicationFilterChain.java:207)
	at org.apache.tomcat.websocket.server.WsFilter.doFilter(WsFilter.java:52)
	at org.apache.catalina.core.ApplicationFilterChain.internalDoFilter(ApplicationFilterChain.java:240)
	at org.apache.catalina.core.ApplicationFilterChain.doFilter(ApplicationFilterChain.java:207)
	at org.springframework.boot.actuate.autoconfigure.EndpointWebMvcAutoConfiguration$ApplicationContextHeaderFilter.doFilterInternal(EndpointWebMvcAutoConfiguration.java:261)
	at org.springframework.web.filter.OncePerRequestFilter.doFilter(OncePerRequestFilter.java:107)
	at org.apache.catalina.core.ApplicationFilterChain.internalDoFilter(ApplicationFilterChain.java:240)
	at org.apache.catalina.core.ApplicationFilterChain.doFilter(ApplicationFilterChain.java:207)
	at org.springframework.boot.actuate.trace.WebRequestTraceFilter.doFilterInternal(WebRequestTraceFilter.java:115)
	at org.springframework.web.filter.OncePerRequestFilter.doFilter(OncePerRequestFilter.java:107)
	at org.apache.catalina.core.ApplicationFilterChain.internalDoFilter(ApplicationFilterChain.java:240)
	at org.apache.catalina.core.ApplicationFilterChain.doFilter(ApplicationFilterChain.java:207)
	at org.grails.web.servlet.mvc.GrailsWebRequestFilter.doFilterInternal(GrailsWebRequestFilter.java:75)
	at org.springframework.web.filter.OncePerRequestFilter.doFilter(OncePerRequestFilter.java:107)
	at org.apache.catalina.core.ApplicationFilterChain.internalDoFilter(ApplicationFilterChain.java:240)
	at org.apache.catalina.core.ApplicationFilterChain.doFilter(ApplicationFilterChain.java:207)
	at org.grails.web.filters.HiddenHttpMethodFilter.doFilterInternal(HiddenHttpMethodFilter.java:67)
	at org.springframework.web.filter.OncePerRequestFilter.doFilter(OncePerRequestFilter.java:107)
	at org.apache.catalina.core.ApplicationFilterChain.internalDoFilter(ApplicationFilterChain.java:240)
	at org.apache.catalina.core.ApplicationFilterChain.doFilter(ApplicationFilterChain.java:207)
	at org.springframework.web.filter.CharacterEncodingFilter.doFilterInternal(CharacterEncodingFilter.java:121)
	at org.springframework.web.filter.OncePerRequestFilter.doFilter(OncePerRequestFilter.java:107)
	at org.apache.catalina.core.ApplicationFilterChain.internalDoFilter(ApplicationFilterChain.java:240)
	at org.apache.catalina.core.ApplicationFilterChain.doFilter(ApplicationFilterChain.java:207)
	at org.springframework.boot.actuate.autoconfigure.MetricsFilter.doFilterInternal(MetricsFilter.java:103)
	at org.springframework.web.filter.OncePerRequestFilter.doFilter(OncePerRequestFilter.java:107)
	at org.apache.catalina.core.ApplicationFilterChain.internalDoFilter(ApplicationFilterChain.java:240)
	at org.apache.catalina.core.ApplicationFilterChain.doFilter(ApplicationFilterChain.java:207)
	at org.apache.catalina.core.StandardWrapperValve.invoke(StandardWrapperValve.java:212)
	at org.apache.catalina.core.StandardContextValve.invoke(StandardContextValve.java:106)
	at org.apache.catalina.authenticator.AuthenticatorBase.invoke(AuthenticatorBase.java:502)
	at org.apache.catalina.core.StandardHostValve.invoke(StandardHostValve.java:141)
	at org.apache.catalina.valves.ErrorReportValve.invoke(ErrorReportValve.java:79)
	at org.apache.catalina.core.StandardEngineValve.invoke(StandardEngineValve.java:88)
	at org.apache.catalina.connector.CoyoteAdapter.service(CoyoteAdapter.java:522)
	at org.apache.coyote.http11.AbstractHttp11Processor.process(AbstractHttp11Processor.java:1095)
	at org.apache.coyote.AbstractProtocol$AbstractConnectionHandler.process(AbstractProtocol.java:672)
	at org.apache.tomcat.util.net.NioEndpoint$SocketProcessor.doRun(NioEndpoint.java:1502)
	at org.apache.tomcat.util.net.NioEndpoint$SocketProcessor.run(NioEndpoint.java:1458)
	at java.util.concurrent.ThreadPoolExecutor.runWorker(ThreadPoolExecutor.java:1142)
	at java.util.concurrent.ThreadPoolExecutor$Worker.run(ThreadPoolExecutor.java:617)
	at org.apache.tomcat.util.threads.TaskThread$WrappingRunnable.run(TaskThread.java:61)
	at java.lang.Thread.run(Thread.java:745)
Caused by: groovy.lang.MissingMethodException: No signature of method: org.grails.web.servlet.GrailsFlashScope.message() is applicable for argument types: (java.lang.String) values: [grails.validation.ValidationErrors: 2 errors
Field error in object 'com.SampleVO' on field 'sport': rejected value [null]; codes [com.SampleVO.sport.nullable.error.com.SampleVO.sport,com.SampleVO.sport.nullable.error.sport,com.SampleVO.sport.nullable.error.java.lang.String,com.SampleVO.sport.nullable.error,sampleVO.sport.nullable.error.com.SampleVO.sport,sampleVO.sport.nullable.error.sport,sampleVO.sport.nullable.error.java.lang.String,sampleVO.sport.nullable.error,com.SampleVO.sport.nullable.com.SampleVO.sport,com.SampleVO.sport.nullable.sport,com.SampleVO.sport.nullable.java.lang.String,com.SampleVO.sport.nullable,sampleVO.sport.nullable.com.SampleVO.sport,sampleVO.sport.nullable.sport,sampleVO.sport.nullable.java.lang.String,sampleVO.sport.nullable,nullable.com.SampleVO.sport,nullable.sport,nullable.java.lang.String,nullable]; arguments [sport,class com.SampleVO]; default message [Property [{0}] of class [{1}] cannot be null]
Field error in object 'com.SampleVO' on field 'age': rejected value [null]; codes [com.SampleVO.age.nullable.error.com.SampleVO.age,com.SampleVO.age.nullable.error.age,com.SampleVO.age.nullable.error.java.lang.Integer,com.SampleVO.age.nullable.error,sampleVO.age.nullable.error.com.SampleVO.age,sampleVO.age.nullable.error.age,sampleVO.age.nullable.error.java.lang.Integer,sampleVO.age.nullable.error,com.SampleVO.age.nullable.com.SampleVO.age,com.SampleVO.age.nullable.age,com.SampleVO.age.nullable.java.lang.Integer,com.SampleVO.age.nullable,sampleVO.age.nullable.com.SampleVO.age,sampleVO.age.nullable.age,sampleVO.age.nullable.java.lang.Integer,sampleVO.age.nullable,nullable.com.SampleVO.age,nullable.age,nullable.java.lang.Integer,nullable]; arguments [age,class com.SampleVO]; default message [Property [{0}] of class [{1}] cannot be null]]
Possible solutions: isCase(java.lang.Object), isCase(java.lang.Object)
	at org.codehaus.groovy.runtime.ScriptBytecodeAdapter.unwrap(ScriptBytecodeAdapter.java:58)
	at org.codehaus.groovy.runtime.callsite.PojoMetaClassSite.call(PojoMetaClassSite.java:49)
	at org.codehaus.groovy.runtime.callsite.CallSiteArray.defaultCall(CallSiteArray.java:48)
	at org.codehaus.groovy.runtime.callsite.AbstractCallSite.call(AbstractCallSite.java:113)
	at org.codehaus.groovy.runtime.callsite.AbstractCallSite.call(AbstractCallSite.java:125)
	at issueexample.FrameworkController$$EPsuoFk7.submit(FrameworkController.groovy:21)
	at issueexample.FrameworkController$$DPsuoFk7.submit(Unknown Source)
	at issueexample.FrameworkController.submit(FrameworkController.groovy)
	at issueexample.FrameworkController$$EPsuoFk7.submit(FrameworkController.groovy)
	... 60 common frames omitted
ERROR StackTrace - Full Stack Trace:
groovy.lang.MissingMethodException: No signature of method: org.grails.web.servlet.GrailsFlashScope.message() is applicable for argument types: (java.lang.String) values: [grails.validation.ValidationErrors: 2 errors
Field error in object 'com.SampleVO' on field 'sport': rejected value [null]; codes [com.SampleVO.sport.nullable.error.com.SampleVO.sport,com.SampleVO.sport.nullable.error.sport,com.SampleVO.sport.nullable.error.java.lang.String,com.SampleVO.sport.nullable.error,sampleVO.sport.nullable.error.com.SampleVO.sport,sampleVO.sport.nullable.error.sport,sampleVO.sport.nullable.error.java.lang.String,sampleVO.sport.nullable.error,com.SampleVO.sport.nullable.com.SampleVO.sport,com.SampleVO.sport.nullable.sport,com.SampleVO.sport.nullable.java.lang.String,com.SampleVO.sport.nullable,sampleVO.sport.nullable.com.SampleVO.sport,sampleVO.sport.nullable.sport,sampleVO.sport.nullable.java.lang.String,sampleVO.sport.nullable,nullable.com.SampleVO.sport,nullable.sport,nullable.java.lang.String,nullable]; arguments [sport,class com.SampleVO]; default message [Property [{0}] of class [{1}] cannot be null]
Field error in object 'com.SampleVO' on field 'age': rejected value [null]; codes [com.SampleVO.age.nullable.error.com.SampleVO.age,com.SampleVO.age.nullable.error.age,com.SampleVO.age.nullable.error.java.lang.Integer,com.SampleVO.age.nullable.error,sampleVO.age.nullable.error.com.SampleVO.age,sampleVO.age.nullable.error.age,sampleVO.age.nullable.error.java.lang.Integer,sampleVO.age.nullable.error,com.SampleVO.age.nullable.com.SampleVO.age,com.SampleVO.age.nullable.age,com.SampleVO.age.nullable.java.lang.Integer,com.SampleVO.age.nullable,sampleVO.age.nullable.com.SampleVO.age,sampleVO.age.nullable.age,sampleVO.age.nullable.java.lang.Integer,sampleVO.age.nullable,nullable.com.SampleVO.age,nullable.age,nullable.java.lang.Integer,nullable]; arguments [age,class com.SampleVO]; default message [Property [{0}] of class [{1}] cannot be null]]
Possible solutions: isCase(java.lang.Object), isCase(java.lang.Object)
	at org.codehaus.groovy.runtime.ScriptBytecodeAdapter.unwrap(ScriptBytecodeAdapter.java:58)
	at org.codehaus.groovy.runtime.callsite.PojoMetaClassSite.call(PojoMetaClassSite.java:49)
	at org.codehaus.groovy.runtime.callsite.CallSiteArray.defaultCall(CallSiteArray.java:48)
	at org.codehaus.groovy.runtime.callsite.AbstractCallSite.call(AbstractCallSite.java:113)
	at org.codehaus.groovy.runtime.callsite.AbstractCallSite.call(AbstractCallSite.java:125)
	at issueexample.FrameworkController$$EPsuoFk7.submit(FrameworkController.groovy:21)
	at issueexample.FrameworkController$$DPsuoFk7.submit(Unknown Source)
	at issueexample.FrameworkController.submit(FrameworkController.groovy)
	at issueexample.FrameworkController$$EPsuoFk7.submit(FrameworkController.groovy)
	at sun.reflect.NativeMethodAccessorImpl.invoke0(Native Method)
	at sun.reflect.NativeMethodAccessorImpl.invoke(NativeMethodAccessorImpl.java:62)
	at sun.reflect.DelegatingMethodAccessorImpl.invoke(DelegatingMethodAccessorImpl.java:43)
	at java.lang.reflect.Method.invoke(Method.java:498)
	at org.springsource.loaded.ri.ReloadedTypeInvoker$2.invoke(ReloadedTypeInvoker.java:133)
	at org.springsource.loaded.ri.ReflectiveInterceptor.jlrMethodInvoke(ReflectiveInterceptor.java:1461)
	at org.grails.core.DefaultGrailsControllerClass$ReflectionInvoker.invoke(DefaultGrailsControllerClass.java:210)
	at org.grails.core.DefaultGrailsControllerClass.invoke(DefaultGrailsControllerClass.java:187)
	at org.grails.web.mapping.mvc.UrlMappingsInfoHandlerAdapter.handle(UrlMappingsInfoHandlerAdapter.groovy:89)
	at org.springframework.web.servlet.DispatcherServlet.doDispatch(DispatcherServlet.java:961)
	at org.springframework.web.servlet.DispatcherServlet.doService(DispatcherServlet.java:895)
	at org.springframework.web.servlet.FrameworkServlet.processRequest(FrameworkServlet.java:967)
	at org.springframework.web.servlet.FrameworkServlet.doPost(FrameworkServlet.java:869)
	at javax.servlet.http.HttpServlet.service(HttpServlet.java:648)
	at org.springframework.web.servlet.FrameworkServlet.service(FrameworkServlet.java:843)
	at javax.servlet.http.HttpServlet.service(HttpServlet.java:729)
	at org.apache.catalina.core.ApplicationFilterChain.internalDoFilter(ApplicationFilterChain.java:292)
	at org.apache.catalina.core.ApplicationFilterChain.doFilter(ApplicationFilterChain.java:207)
	at org.apache.tomcat.websocket.server.WsFilter.doFilter(WsFilter.java:52)
	at org.apache.catalina.core.ApplicationFilterChain.internalDoFilter(ApplicationFilterChain.java:240)
	at org.apache.catalina.core.ApplicationFilterChain.doFilter(ApplicationFilterChain.java:207)
	at org.springframework.boot.actuate.autoconfigure.EndpointWebMvcAutoConfiguration$ApplicationContextHeaderFilter.doFilterInternal(EndpointWebMvcAutoConfiguration.java:261)
	at org.springframework.web.filter.OncePerRequestFilter.doFilter(OncePerRequestFilter.java:107)
	at org.apache.catalina.core.ApplicationFilterChain.internalDoFilter(ApplicationFilterChain.java:240)
	at org.apache.catalina.core.ApplicationFilterChain.doFilter(ApplicationFilterChain.java:207)
	at org.springframework.boot.actuate.trace.WebRequestTraceFilter.doFilterInternal(WebRequestTraceFilter.java:115)
	at org.springframework.web.filter.OncePerRequestFilter.doFilter(OncePerRequestFilter.java:107)
	at org.apache.catalina.core.ApplicationFilterChain.internalDoFilter(ApplicationFilterChain.java:240)
	at org.apache.catalina.core.ApplicationFilterChain.doFilter(ApplicationFilterChain.java:207)
	at org.grails.web.servlet.mvc.GrailsWebRequestFilter.doFilterInternal(GrailsWebRequestFilter.java:75)
	at org.springframework.web.filter.OncePerRequestFilter.doFilter(OncePerRequestFilter.java:107)
	at org.apache.catalina.core.ApplicationFilterChain.internalDoFilter(ApplicationFilterChain.java:240)
	at org.apache.catalina.core.ApplicationFilterChain.doFilter(ApplicationFilterChain.java:207)
	at org.grails.web.filters.HiddenHttpMethodFilter.doFilterInternal(HiddenHttpMethodFilter.java:67)
	at org.springframework.web.filter.OncePerRequestFilter.doFilter(OncePerRequestFilter.java:107)
	at org.apache.catalina.core.ApplicationFilterChain.internalDoFilter(ApplicationFilterChain.java:240)
	at org.apache.catalina.core.ApplicationFilterChain.doFilter(ApplicationFilterChain.java:207)
	at org.springframework.web.filter.CharacterEncodingFilter.doFilterInternal(CharacterEncodingFilter.java:121)
	at org.springframework.web.filter.OncePerRequestFilter.doFilter(OncePerRequestFilter.java:107)
	at org.apache.catalina.core.ApplicationFilterChain.internalDoFilter(ApplicationFilterChain.java:240)
	at org.apache.catalina.core.ApplicationFilterChain.doFilter(ApplicationFilterChain.java:207)
	at org.springframework.boot.actuate.autoconfigure.MetricsFilter.doFilterInternal(MetricsFilter.java:103)
	at org.springframework.web.filter.OncePerRequestFilter.doFilter(OncePerRequestFilter.java:107)
	at org.apache.catalina.core.ApplicationFilterChain.internalDoFilter(ApplicationFilterChain.java:240)
	at org.apache.catalina.core.ApplicationFilterChain.doFilter(ApplicationFilterChain.java:207)
	at org.apache.catalina.core.StandardWrapperValve.invoke(StandardWrapperValve.java:212)
	at org.apache.catalina.core.StandardContextValve.invoke(StandardContextValve.java:106)
	at org.apache.catalina.authenticator.AuthenticatorBase.invoke(AuthenticatorBase.java:502)
	at org.apache.catalina.core.StandardHostValve.invoke(StandardHostValve.java:141)
	at org.apache.catalina.valves.ErrorReportValve.invoke(ErrorReportValve.java:79)
	at org.apache.catalina.core.StandardEngineValve.invoke(StandardEngineValve.java:88)
	at org.apache.catalina.connector.CoyoteAdapter.service(CoyoteAdapter.java:522)
	at org.apache.coyote.http11.AbstractHttp11Processor.process(AbstractHttp11Processor.java:1095)
	at org.apache.coyote.AbstractProtocol$AbstractConnectionHandler.process(AbstractProtocol.java:672)
	at org.apache.tomcat.util.net.NioEndpoint$SocketProcessor.doRun(NioEndpoint.java:1502)
	at org.apache.tomcat.util.net.NioEndpoint$SocketProcessor.run(NioEndpoint.java:1458)
	at java.util.concurrent.ThreadPoolExecutor.runWorker(ThreadPoolExecutor.java:1142)
	at java.util.concurrent.ThreadPoolExecutor$Worker.run(ThreadPoolExecutor.java:617)
	at org.apache.tomcat.util.threads.TaskThread$WrappingRunnable.run(TaskThread.java:61)
	at java.lang.Thread.run(Thread.java:745)
ERROR StackTrace - Full Stack Trace:
java.lang.reflect.InvocationTargetException: null
	at java.util.concurrent.ThreadPoolExecutor.runWorker(ThreadPoolExecutor.java:1142)
	at java.util.concurrent.ThreadPoolExecutor$Worker.run(ThreadPoolExecutor.java:617)
	at java.lang.Thread.run(Thread.java:745)
Caused by: groovy.lang.MissingMethodException: No signature of method: org.grails.web.servlet.GrailsFlashScope.message() is applicable for argument types: (java.lang.String) values: [grails.validation.ValidationErrors: 2 errors
Field error in object 'com.SampleVO' on field 'sport': rejected value [null]; codes [com.SampleVO.sport.nullable.error.com.SampleVO.sport,com.SampleVO.sport.nullable.error.sport,com.SampleVO.sport.nullable.error.java.lang.String,com.SampleVO.sport.nullable.error,sampleVO.sport.nullable.error.com.SampleVO.sport,sampleVO.sport.nullable.error.sport,sampleVO.sport.nullable.error.java.lang.String,sampleVO.sport.nullable.error,com.SampleVO.sport.nullable.com.SampleVO.sport,com.SampleVO.sport.nullable.sport,com.SampleVO.sport.nullable.java.lang.String,com.SampleVO.sport.nullable,sampleVO.sport.nullable.com.SampleVO.sport,sampleVO.sport.nullable.sport,sampleVO.sport.nullable.java.lang.String,sampleVO.sport.nullable,nullable.com.SampleVO.sport,nullable.sport,nullable.java.lang.String,nullable]; arguments [sport,class com.SampleVO]; default message [Property [{0}] of class [{1}] cannot be null]
Field error in object 'com.SampleVO' on field 'age': rejected value [null]; codes [com.SampleVO.age.nullable.error.com.SampleVO.age,com.SampleVO.age.nullable.error.age,com.SampleVO.age.nullable.error.java.lang.Integer,com.SampleVO.age.nullable.error,sampleVO.age.nullable.error.com.SampleVO.age,sampleVO.age.nullable.error.age,sampleVO.age.nullable.error.java.lang.Integer,sampleVO.age.nullable.error,com.SampleVO.age.nullable.com.SampleVO.age,com.SampleVO.age.nullable.age,com.SampleVO.age.nullable.java.lang.Integer,com.SampleVO.age.nullable,sampleVO.age.nullable.com.SampleVO.age,sampleVO.age.nullable.age,sampleVO.age.nullable.java.lang.Integer,sampleVO.age.nullable,nullable.com.SampleVO.age,nullable.age,nullable.java.lang.Integer,nullable]; arguments [age,class com.SampleVO]; default message [Property [{0}] of class [{1}] cannot be null]]
Possible solutions: isCase(java.lang.Object), isCase(java.lang.Object)
	at issueexample.FrameworkController$$EPsuoFk7.submit(FrameworkController.groovy:21)
	... 3 common frames omitted
ERROR StackTrace - Full Stack Trace:
java.lang.reflect.InvocationTargetException: null
	at sun.reflect.NativeMethodAccessorImpl.invoke0(Native Method)
	at sun.reflect.NativeMethodAccessorImpl.invoke(NativeMethodAccessorImpl.java:62)
	at sun.reflect.DelegatingMethodAccessorImpl.invoke(DelegatingMethodAccessorImpl.java:43)
	at java.lang.reflect.Method.invoke(Method.java:498)
	at org.springsource.loaded.ri.ReloadedTypeInvoker$2.invoke(ReloadedTypeInvoker.java:133)
	at org.springsource.loaded.ri.ReflectiveInterceptor.jlrMethodInvoke(ReflectiveInterceptor.java:1461)
	at org.grails.core.DefaultGrailsControllerClass$ReflectionInvoker.invoke(DefaultGrailsControllerClass.java:210)
	at org.grails.core.DefaultGrailsControllerClass.invoke(DefaultGrailsControllerClass.java:187)
	at org.grails.web.mapping.mvc.UrlMappingsInfoHandlerAdapter.handle(UrlMappingsInfoHandlerAdapter.groovy:89)
	at org.springframework.web.servlet.DispatcherServlet.doDispatch(DispatcherServlet.java:961)
	at org.springframework.web.servlet.DispatcherServlet.doService(DispatcherServlet.java:895)
	at org.springframework.web.servlet.FrameworkServlet.processRequest(FrameworkServlet.java:967)
	at org.springframework.web.servlet.FrameworkServlet.doPost(FrameworkServlet.java:869)
	at javax.servlet.http.HttpServlet.service(HttpServlet.java:648)
	at org.springframework.web.servlet.FrameworkServlet.service(FrameworkServlet.java:843)
	at javax.servlet.http.HttpServlet.service(HttpServlet.java:729)
	at org.apache.catalina.core.ApplicationFilterChain.internalDoFilter(ApplicationFilterChain.java:292)
	at org.apache.catalina.core.ApplicationFilterChain.doFilter(ApplicationFilterChain.java:207)
	at org.apache.tomcat.websocket.server.WsFilter.doFilter(WsFilter.java:52)
	at org.apache.catalina.core.ApplicationFilterChain.internalDoFilter(ApplicationFilterChain.java:240)
	at org.apache.catalina.core.ApplicationFilterChain.doFilter(ApplicationFilterChain.java:207)
	at org.springframework.boot.actuate.autoconfigure.EndpointWebMvcAutoConfiguration$ApplicationContextHeaderFilter.doFilterInternal(EndpointWebMvcAutoConfiguration.java:261)
	at org.springframework.web.filter.OncePerRequestFilter.doFilter(OncePerRequestFilter.java:107)
	at org.apache.catalina.core.ApplicationFilterChain.internalDoFilter(ApplicationFilterChain.java:240)
	at org.apache.catalina.core.ApplicationFilterChain.doFilter(ApplicationFilterChain.java:207)
	at org.springframework.boot.actuate.trace.WebRequestTraceFilter.doFilterInternal(WebRequestTraceFilter.java:115)
	at org.springframework.web.filter.OncePerRequestFilter.doFilter(OncePerRequestFilter.java:107)
	at org.apache.catalina.core.ApplicationFilterChain.internalDoFilter(ApplicationFilterChain.java:240)
	at org.apache.catalina.core.ApplicationFilterChain.doFilter(ApplicationFilterChain.java:207)
	at org.grails.web.servlet.mvc.GrailsWebRequestFilter.doFilterInternal(GrailsWebRequestFilter.java:75)
	at org.springframework.web.filter.OncePerRequestFilter.doFilter(OncePerRequestFilter.java:107)
	at org.apache.catalina.core.ApplicationFilterChain.internalDoFilter(ApplicationFilterChain.java:240)
	at org.apache.catalina.core.ApplicationFilterChain.doFilter(ApplicationFilterChain.java:207)
	at org.grails.web.filters.HiddenHttpMethodFilter.doFilterInternal(HiddenHttpMethodFilter.java:67)
	at org.springframework.web.filter.OncePerRequestFilter.doFilter(OncePerRequestFilter.java:107)
	at org.apache.catalina.core.ApplicationFilterChain.internalDoFilter(ApplicationFilterChain.java:240)
	at org.apache.catalina.core.ApplicationFilterChain.doFilter(ApplicationFilterChain.java:207)
	at org.springframework.web.filter.CharacterEncodingFilter.doFilterInternal(CharacterEncodingFilter.java:121)
	at org.springframework.web.filter.OncePerRequestFilter.doFilter(OncePerRequestFilter.java:107)
	at org.apache.catalina.core.ApplicationFilterChain.internalDoFilter(ApplicationFilterChain.java:240)
	at org.apache.catalina.core.ApplicationFilterChain.doFilter(ApplicationFilterChain.java:207)
	at org.springframework.boot.actuate.autoconfigure.MetricsFilter.doFilterInternal(MetricsFilter.java:103)
	at org.springframework.web.filter.OncePerRequestFilter.doFilter(OncePerRequestFilter.java:107)
	at org.apache.catalina.core.ApplicationFilterChain.internalDoFilter(ApplicationFilterChain.java:240)
	at org.apache.catalina.core.ApplicationFilterChain.doFilter(ApplicationFilterChain.java:207)
	at org.apache.catalina.core.StandardWrapperValve.invoke(StandardWrapperValve.java:212)
	at org.apache.catalina.core.StandardContextValve.invoke(StandardContextValve.java:106)
	at org.apache.catalina.authenticator.AuthenticatorBase.invoke(AuthenticatorBase.java:502)
	at org.apache.catalina.core.StandardHostValve.invoke(StandardHostValve.java:141)
	at org.apache.catalina.valves.ErrorReportValve.invoke(ErrorReportValve.java:79)
	at org.apache.catalina.core.StandardEngineValve.invoke(StandardEngineValve.java:88)
	at org.apache.catalina.connector.CoyoteAdapter.service(CoyoteAdapter.java:522)
	at org.apache.coyote.http11.AbstractHttp11Processor.process(AbstractHttp11Processor.java:1095)
	at org.apache.coyote.AbstractProtocol$AbstractConnectionHandler.process(AbstractProtocol.java:672)
	at org.apache.tomcat.util.net.NioEndpoint$SocketProcessor.doRun(NioEndpoint.java:1502)
	at org.apache.tomcat.util.net.NioEndpoint$SocketProcessor.run(NioEndpoint.java:1458)
	at java.util.concurrent.ThreadPoolExecutor.runWorker(ThreadPoolExecutor.java:1142)
	at java.util.concurrent.ThreadPoolExecutor$Worker.run(ThreadPoolExecutor.java:617)
	at org.apache.tomcat.util.threads.TaskThread$WrappingRunnable.run(TaskThread.java:61)
	at java.lang.Thread.run(Thread.java:745)
Caused by: grails.web.mapping.mvc.exceptions.CannotRedirectException: Cannot issue a redirect(..) here. The response has already been committed either by another redirect or by directly writing to the response.
	at grails.web.mapping.ResponseRedirector.redirect(ResponseRedirector.groovy:70)
	at grails.artefact.controller.support.ResponseRedirector$Trait$Helper.redirect(ResponseRedirector.groovy:120)
	at grails.artefact.controller.support.ResponseRedirector$Trait$Helper$redirect$1.callStatic(Unknown Source)
	at org.codehaus.groovy.runtime.callsite.CallSiteArray.defaultCallStatic(CallSiteArray.java:56)
	at org.codehaus.groovy.runtime.callsite.AbstractCallSite.callStatic(AbstractCallSite.java:194)
	at org.codehaus.groovy.runtime.callsite.AbstractCallSite.callStatic(AbstractCallSite.java:214)
	at issueexample.FrameworkController$$EPsupunu.grails_artefact_Controllertrait$super$redirect(FrameworkController.groovy)
	at sun.reflect.NativeMethodAccessorImpl.invoke0(Native Method)
	at sun.reflect.NativeMethodAccessorImpl.invoke(NativeMethodAccessorImpl.java:62)
	at sun.reflect.DelegatingMethodAccessorImpl.invoke(DelegatingMethodAccessorImpl.java:43)
	at java.lang.reflect.Method.invoke(Method.java:498)
	at org.springsource.loaded.ri.ReloadedTypeInvoker$2.invoke(ReloadedTypeInvoker.java:133)
	at org.springsource.loaded.ri.ReflectiveInterceptor.jlrMethodInvoke(ReflectiveInterceptor.java:1461)
	at org.codehaus.groovy.runtime.callsite.PogoMetaMethodSite$PogoCachedMethodSiteNoUnwrapNoCoerce.invoke(PogoMetaMethodSite.java:210)
	at org.codehaus.groovy.runtime.callsite.PogoMetaMethodSite.call(PogoMetaMethodSite.java:71)
	at org.codehaus.groovy.runtime.callsite.CallSiteArray.defaultCall(CallSiteArray.java:48)
	at org.codehaus.groovy.runtime.callsite.PogoMetaMethodSite.call(PogoMetaMethodSite.java:76)
	at org.codehaus.groovy.runtime.callsite.AbstractCallSite.call(AbstractCallSite.java:125)
	at grails.artefact.Controller$Trait$Helper.redirect(Controller.groovy:241)
	at grails.artefact.Controller$Trait$Helper$redirect$3.call(Unknown Source)
	at org.codehaus.groovy.runtime.callsite.CallSiteArray.defaultCall(CallSiteArray.java:48)
	at org.codehaus.groovy.runtime.callsite.AbstractCallSite.call(AbstractCallSite.java:113)
	at org.codehaus.groovy.runtime.callsite.AbstractCallSite.call(AbstractCallSite.java:133)
	at issueexample.FrameworkController$$EPsupunu.redirect(FrameworkController.groovy)
	at issueexample.FrameworkController$$DPsupunu.redirect(Unknown Source)
	at issueexample.FrameworkController.redirect(FrameworkController.groovy)
	at grails.artefact.Controller$redirect$0.callCurrent(Unknown Source)
	at org.codehaus.groovy.runtime.callsite.CallSiteArray.defaultCallCurrent(CallSiteArray.java:52)
	at org.codehaus.groovy.runtime.callsite.AbstractCallSite.callCurrent(AbstractCallSite.java:154)
	at org.codehaus.groovy.runtime.callsite.AbstractCallSite.callCurrent(AbstractCallSite.java:166)
	at issueexample.FrameworkController$$EPsupunu.submit(FrameworkController.groovy:23)
	at issueexample.FrameworkController$$DPsupunu.submit(Unknown Source)
	at issueexample.FrameworkController.submit(FrameworkController.groovy)
	at issueexample.FrameworkController$$EPsupunu.submit(FrameworkController.groovy)
	... 60 common frames omitted
ERROR StackTrace - Full Stack Trace:
grails.web.mapping.mvc.exceptions.CannotRedirectException: Cannot issue a redirect(..) here. The response has already been committed either by another redirect or by directly writing to the response.
	at grails.web.mapping.ResponseRedirector.redirect(ResponseRedirector.groovy:70)
	at grails.artefact.controller.support.ResponseRedirector$Trait$Helper.redirect(ResponseRedirector.groovy:120)
	at grails.artefact.controller.support.ResponseRedirector$Trait$Helper$redirect$1.callStatic(Unknown Source)
	at org.codehaus.groovy.runtime.callsite.CallSiteArray.defaultCallStatic(CallSiteArray.java:56)
	at org.codehaus.groovy.runtime.callsite.AbstractCallSite.callStatic(AbstractCallSite.java:194)
	at org.codehaus.groovy.runtime.callsite.AbstractCallSite.callStatic(AbstractCallSite.java:214)
	at issueexample.FrameworkController$$EPsupunu.grails_artefact_Controllertrait$super$redirect(FrameworkController.groovy)
	at sun.reflect.NativeMethodAccessorImpl.invoke0(Native Method)
	at sun.reflect.NativeMethodAccessorImpl.invoke(NativeMethodAccessorImpl.java:62)
	at sun.reflect.DelegatingMethodAccessorImpl.invoke(DelegatingMethodAccessorImpl.java:43)
	at java.lang.reflect.Method.invoke(Method.java:498)
	at org.springsource.loaded.ri.ReloadedTypeInvoker$2.invoke(ReloadedTypeInvoker.java:133)
	at org.springsource.loaded.ri.ReflectiveInterceptor.jlrMethodInvoke(ReflectiveInterceptor.java:1461)
	at org.codehaus.groovy.runtime.callsite.PogoMetaMethodSite$PogoCachedMethodSiteNoUnwrapNoCoerce.invoke(PogoMetaMethodSite.java:210)
	at org.codehaus.groovy.runtime.callsite.PogoMetaMethodSite.call(PogoMetaMethodSite.java:71)
	at org.codehaus.groovy.runtime.callsite.CallSiteArray.defaultCall(CallSiteArray.java:48)
	at org.codehaus.groovy.runtime.callsite.PogoMetaMethodSite.call(PogoMetaMethodSite.java:76)
	at org.codehaus.groovy.runtime.callsite.AbstractCallSite.call(AbstractCallSite.java:125)
	at grails.artefact.Controller$Trait$Helper.redirect(Controller.groovy:241)
	at grails.artefact.Controller$Trait$Helper$redirect$3.call(Unknown Source)
	at org.codehaus.groovy.runtime.callsite.CallSiteArray.defaultCall(CallSiteArray.java:48)
	at org.codehaus.groovy.runtime.callsite.AbstractCallSite.call(AbstractCallSite.java:113)
	at org.codehaus.groovy.runtime.callsite.AbstractCallSite.call(AbstractCallSite.java:133)
	at issueexample.FrameworkController$$EPsupunu.redirect(FrameworkController.groovy)
	at issueexample.FrameworkController$$DPsupunu.redirect(Unknown Source)
	at issueexample.FrameworkController.redirect(FrameworkController.groovy)
	at grails.artefact.Controller$redirect$0.callCurrent(Unknown Source)
	at org.codehaus.groovy.runtime.callsite.CallSiteArray.defaultCallCurrent(CallSiteArray.java:52)
	at org.codehaus.groovy.runtime.callsite.AbstractCallSite.callCurrent(AbstractCallSite.java:154)
	at org.codehaus.groovy.runtime.callsite.AbstractCallSite.callCurrent(AbstractCallSite.java:166)
	at issueexample.FrameworkController$$EPsupunu.submit(FrameworkController.groovy:23)
	at issueexample.FrameworkController$$DPsupunu.submit(Unknown Source)
	at issueexample.FrameworkController.submit(FrameworkController.groovy)
	at issueexample.FrameworkController$$EPsupunu.submit(FrameworkController.groovy)
	at sun.reflect.NativeMethodAccessorImpl.invoke0(Native Method)
	at sun.reflect.NativeMethodAccessorImpl.invoke(NativeMethodAccessorImpl.java:62)
	at sun.reflect.DelegatingMethodAccessorImpl.invoke(DelegatingMethodAccessorImpl.java:43)
	at java.lang.reflect.Method.invoke(Method.java:498)
	at org.springsource.loaded.ri.ReloadedTypeInvoker$2.invoke(ReloadedTypeInvoker.java:133)
	at org.springsource.loaded.ri.ReflectiveInterceptor.jlrMethodInvoke(ReflectiveInterceptor.java:1461)
	at org.grails.core.DefaultGrailsControllerClass$ReflectionInvoker.invoke(DefaultGrailsControllerClass.java:210)
	at org.grails.core.DefaultGrailsControllerClass.invoke(DefaultGrailsControllerClass.java:187)
	at org.grails.web.mapping.mvc.UrlMappingsInfoHandlerAdapter.handle(UrlMappingsInfoHandlerAdapter.groovy:89)
	at org.springframework.web.servlet.DispatcherServlet.doDispatch(DispatcherServlet.java:961)
	at org.springframework.web.servlet.DispatcherServlet.doService(DispatcherServlet.java:895)
	at org.springframework.web.servlet.FrameworkServlet.processRequest(FrameworkServlet.java:967)
	at org.springframework.web.servlet.FrameworkServlet.doPost(FrameworkServlet.java:869)
	at javax.servlet.http.HttpServlet.service(HttpServlet.java:648)
	at org.springframework.web.servlet.FrameworkServlet.service(FrameworkServlet.java:843)
	at javax.servlet.http.HttpServlet.service(HttpServlet.java:729)
	at org.apache.catalina.core.ApplicationFilterChain.internalDoFilter(ApplicationFilterChain.java:292)
	at org.apache.catalina.core.ApplicationFilterChain.doFilter(ApplicationFilterChain.java:207)
	at org.apache.tomcat.websocket.server.WsFilter.doFilter(WsFilter.java:52)
	at org.apache.catalina.core.ApplicationFilterChain.internalDoFilter(ApplicationFilterChain.java:240)
	at org.apache.catalina.core.ApplicationFilterChain.doFilter(ApplicationFilterChain.java:207)
	at org.springframework.boot.actuate.autoconfigure.EndpointWebMvcAutoConfiguration$ApplicationContextHeaderFilter.doFilterInternal(EndpointWebMvcAutoConfiguration.java:261)
	at org.springframework.web.filter.OncePerRequestFilter.doFilter(OncePerRequestFilter.java:107)
	at org.apache.catalina.core.ApplicationFilterChain.internalDoFilter(ApplicationFilterChain.java:240)
	at org.apache.catalina.core.ApplicationFilterChain.doFilter(ApplicationFilterChain.java:207)
	at org.springframework.boot.actuate.trace.WebRequestTraceFilter.doFilterInternal(WebRequestTraceFilter.java:115)
	at org.springframework.web.filter.OncePerRequestFilter.doFilter(OncePerRequestFilter.java:107)
	at org.apache.catalina.core.ApplicationFilterChain.internalDoFilter(ApplicationFilterChain.java:240)
	at org.apache.catalina.core.ApplicationFilterChain.doFilter(ApplicationFilterChain.java:207)
	at org.grails.web.servlet.mvc.GrailsWebRequestFilter.doFilterInternal(GrailsWebRequestFilter.java:75)
	at org.springframework.web.filter.OncePerRequestFilter.doFilter(OncePerRequestFilter.java:107)
	at org.apache.catalina.core.ApplicationFilterChain.internalDoFilter(ApplicationFilterChain.java:240)
	at org.apache.catalina.core.ApplicationFilterChain.doFilter(ApplicationFilterChain.java:207)
	at org.grails.web.filters.HiddenHttpMethodFilter.doFilterInternal(HiddenHttpMethodFilter.java:67)
	at org.springframework.web.filter.OncePerRequestFilter.doFilter(OncePerRequestFilter.java:107)
	at org.apache.catalina.core.ApplicationFilterChain.internalDoFilter(ApplicationFilterChain.java:240)
	at org.apache.catalina.core.ApplicationFilterChain.doFilter(ApplicationFilterChain.java:207)
	at org.springframework.web.filter.CharacterEncodingFilter.doFilterInternal(CharacterEncodingFilter.java:121)
	at org.springframework.web.filter.OncePerRequestFilter.doFilter(OncePerRequestFilter.java:107)
	at org.apache.catalina.core.ApplicationFilterChain.internalDoFilter(ApplicationFilterChain.java:240)
	at org.apache.catalina.core.ApplicationFilterChain.doFilter(ApplicationFilterChain.java:207)
	at org.springframework.boot.actuate.autoconfigure.MetricsFilter.doFilterInternal(MetricsFilter.java:103)
	at org.springframework.web.filter.OncePerRequestFilter.doFilter(OncePerRequestFilter.java:107)
	at org.apache.catalina.core.ApplicationFilterChain.internalDoFilter(ApplicationFilterChain.java:240)
	at org.apache.catalina.core.ApplicationFilterChain.doFilter(ApplicationFilterChain.java:207)
	at org.apache.catalina.core.StandardWrapperValve.invoke(StandardWrapperValve.java:212)
	at org.apache.catalina.core.StandardContextValve.invoke(StandardContextValve.java:106)
	at org.apache.catalina.authenticator.AuthenticatorBase.invoke(AuthenticatorBase.java:502)
	at org.apache.catalina.core.StandardHostValve.invoke(StandardHostValve.java:141)
	at org.apache.catalina.valves.ErrorReportValve.invoke(ErrorReportValve.java:79)
	at org.apache.catalina.core.StandardEngineValve.invoke(StandardEngineValve.java:88)
	at org.apache.catalina.connector.CoyoteAdapter.service(CoyoteAdapter.java:522)
	at org.apache.coyote.http11.AbstractHttp11Processor.process(AbstractHttp11Processor.java:1095)
	at org.apache.coyote.AbstractProtocol$AbstractConnectionHandler.process(AbstractProtocol.java:672)
	at org.apache.tomcat.util.net.NioEndpoint$SocketProcessor.doRun(NioEndpoint.java:1502)
	at org.apache.tomcat.util.net.NioEndpoint$SocketProcessor.run(NioEndpoint.java:1458)
	at java.util.concurrent.ThreadPoolExecutor.runWorker(ThreadPoolExecutor.java:1142)
	at java.util.concurrent.ThreadPoolExecutor$Worker.run(ThreadPoolExecutor.java:617)
	at org.apache.tomcat.util.threads.TaskThread$WrappingRunnable.run(TaskThread.java:61)
	at java.lang.Thread.run(Thread.java:745)
ERROR StackTrace - Full Stack Trace:
java.lang.reflect.InvocationTargetException: null
	at java.util.concurrent.ThreadPoolExecutor.runWorker(ThreadPoolExecutor.java:1142)
	at java.util.concurrent.ThreadPoolExecutor$Worker.run(ThreadPoolExecutor.java:617)
	at java.lang.Thread.run(Thread.java:745)
Caused by: grails.web.mapping.mvc.exceptions.CannotRedirectException: Cannot issue a redirect(..) here. The response has already been committed either by another redirect or by directly writing to the response.
	at grails.web.mapping.ResponseRedirector.redirect(ResponseRedirector.groovy:70)
	at grails.artefact.controller.support.ResponseRedirector$Trait$Helper.redirect(ResponseRedirector.groovy:120)
	at grails.artefact.Controller$Trait$Helper.redirect(Controller.groovy:241)
	at issueexample.FrameworkController$$EPsupunu.submit(FrameworkController.groovy:23)
	... 3 common frames omitted
